Notify: JDK found at C:/Program Files/Java/jdk1.8.0_211
Virtual User Script started at: 29.11.2019 12:33:51
Starting action vuser_init.
Ending action vuser_init.
Running Vuser...
Starting iteration 1.
Starting action Actions.
JDBC Connection Successful
Selecting Ticket
Updating Ticket Status
Adding Ticket to Tasks
Commit
Closing ResultSet
Closing Statement
Closing Connection
Ending action Actions.
Ending iteration 1.
Ending Vuser...
Starting action vuser_end.
Ending action vuser_end.
Vuser Terminated.
Vuser 0 (thread 4572), ended OK."
