Warning: Failed to get NV emulation handle.
Virtual User Script started at: 04.12.2019 16:23:01
Starting action vuser_init.
Web Turbo Replay of LoadRunner 12.55.0 for Windows 10; build 911 (июл 24 2017 19:46:00)  	[MsgId: MMSG-26983]
Run mode: HTML  	[MsgId: MMSG-26993]
Replay user agent: Mozilla/5.0 (compatible; MSIE 10.0; Windows NT 6.1; Trident/6.0)  	[MsgId: MMSG-26988]
Run-Time Settings file: "C:\Users\student\Documents\Байков\XDesk LR\learning2\UC01_create+comment+close_task\\default.cfg"  	[MsgId: MMSG-27141]
Warning: Failed to get NV emulation handle.
Ending action vuser_init.
Running Vuser...
Starting iteration 1.
Maximum number of concurrent connections per server: 6  	[MsgId: MMSG-26989]
Starting action Login.
Warning: Failed to get NV emulation handle.
Login.c(3): web_url("/login") started  	[MsgId: MMSG-26355]
Login.c(3): Found resource "http://learning2.pflb.ru:56902/css/core/material_icons.css" in HTML "http://learning2.pflb.ru:56902/login"  	[MsgId: MMSG-26659]
Login.c(3): Found resource "http://learning2.pflb.ru:56902/css/core/materialize.css" in HTML "http://learning2.pflb.ru:56902/login"  	[MsgId: MMSG-26659]
Login.c(3): Found resource "http://learning2.pflb.ru:56902/css/style.css" in HTML "http://learning2.pflb.ru:56902/login"  	[MsgId: MMSG-26659]
Login.c(3): Found resource "http://learning2.pflb.ru:56902/js/core/legacy.js" in HTML "http://learning2.pflb.ru:56902/login"  	[MsgId: MMSG-26659]
Login.c(3): Found resource "http://learning2.pflb.ru:56902/js/core/jquery-3.1.1.js" in HTML "http://learning2.pflb.ru:56902/login"  	[MsgId: MMSG-26659]
Login.c(3): Found resource "http://learning2.pflb.ru:56902/js/core/dust.js" in HTML "http://learning2.pflb.ru:56902/login"  	[MsgId: MMSG-26659]
Login.c(3): Found resource "http://learning2.pflb.ru:56902/js/core/jquery.cookie.js" in HTML "http://learning2.pflb.ru:56902/login"  	[MsgId: MMSG-26659]
Login.c(3): Found resource "http://learning2.pflb.ru:56902/js/core/materialize.js" in HTML "http://learning2.pflb.ru:56902/login"  	[MsgId: MMSG-26659]
Login.c(3): Found resource "http://learning2.pflb.ru:56902/js/page/authorisation.js" in HTML "http://learning2.pflb.ru:56902/login"  	[MsgId: MMSG-26659]
Login.c(3): web_url("/login") was successful, 1012641 body bytes, 2125 header bytes  	[MsgId: MMSG-26386]
Login.c(13): Notify: Transaction "UC01_TR01_login" started.
Login.c(13): Warning: Failed to get NV emulation handle.
Login.c(15): web_get_int_property started  	[MsgId: MMSG-26355]
Login.c(15): web_get_int_property was successful  	[MsgId: MMSG-26392]
Login.c(17): web_submit_data("/api/login") started  	[MsgId: MMSG-26355]
Login.c(17): web_submit_data("/api/login") was successful, 146 body bytes, 339 header bytes  	[MsgId: MMSG-26386]
influx.c(3): web_get_int_property started  	[MsgId: MMSG-26355]
influx.c(3): web_get_int_property was successful  	[MsgId: MMSG-26392]
influx.c(6): web_get_int_property started  	[MsgId: MMSG-26355]
influx.c(6): web_get_int_property was successful  	[MsgId: MMSG-26392]
influx.c(10): web_get_int_property started  	[MsgId: MMSG-26355]
influx.c(10): web_get_int_property was successful  	[MsgId: MMSG-26392]
influx.c(10): web_get_int_property started  	[MsgId: MMSG-26355]
influx.c(10): web_get_int_property was successful  	[MsgId: MMSG-26392]
influx.c(10): web_get_int_property started  	[MsgId: MMSG-26355]
influx.c(10): web_get_int_property was successful  	[MsgId: MMSG-26392]
influx.c(30): web_custom_request("DB Request") started  	[MsgId: MMSG-26355]
influx.c(30): web_custom_request("DB Request") was successful, 0 body bytes, 248 header bytes  	[MsgId: MMSG-26386]
Login.c(34): web_url("/") started  	[MsgId: MMSG-26355]
Login.c(34): Resource "http://learning2.pflb.ru:56902/css/core/material_icons.css" is in the cache already and will not be downloaded again  	[MsgId: MMSG-26655]
Login.c(34): Found resource "http://learning2.pflb.ru:56902/css/core/materialize.min.css" in HTML "http://learning2.pflb.ru:56902/"  	[MsgId: MMSG-26659]
Login.c(34): Found resource "http://learning2.pflb.ru:56902/css/core/uploadfile.css" in HTML "http://learning2.pflb.ru:56902/"  	[MsgId: MMSG-26659]
Login.c(34): Found resource "http://learning2.pflb.ru:56902/css/core/quill.snow.css" in HTML "http://learning2.pflb.ru:56902/"  	[MsgId: MMSG-26659]
Login.c(34): Found resource "http://learning2.pflb.ru:56902/css/core/select2.min.css" in HTML "http://learning2.pflb.ru:56902/"  	[MsgId: MMSG-26659]
Login.c(34): Found resource "http://learning2.pflb.ru:56902/css/core/ee-file-upload.css" in HTML "http://learning2.pflb.ru:56902/"  	[MsgId: MMSG-26659]
Login.c(34): Resource "http://learning2.pflb.ru:56902/css/style.css" is in the cache already and will not be downloaded again  	[MsgId: MMSG-26655]
Login.c(34): Found resource "http://learning2.pflb.ru:56902/css/company_2.css" in HTML "http://learning2.pflb.ru:56902/"  	[MsgId: MMSG-26659]
Login.c(34): Resource "http://learning2.pflb.ru:56902/js/core/legacy.js" is in the cache already and will not be downloaded again  	[MsgId: MMSG-26655]
Login.c(34): Resource "http://learning2.pflb.ru:56902/js/core/jquery-3.1.1.js" is in the cache already and will not be downloaded again  	[MsgId: MMSG-26655]
Login.c(34): Found resource "http://learning2.pflb.ru:56902/js/core/clamp.js" in HTML "http://learning2.pflb.ru:56902/"  	[MsgId: MMSG-26659]
Login.c(34): Resource "http://learning2.pflb.ru:56902/js/core/jquery.cookie.js" is in the cache already and will not be downloaded again  	[MsgId: MMSG-26655]
Login.c(34): Found resource "http://learning2.pflb.ru:56902/js/core/jquery.uploadfile.js" in HTML "http://learning2.pflb.ru:56902/"  	[MsgId: MMSG-26659]
Login.c(34): Found resource "http://learning2.pflb.ru:56902/js/core/jquery.maskedinput.js" in HTML "http://learning2.pflb.ru:56902/"  	[MsgId: MMSG-26659]
Login.c(34): Found resource "http://learning2.pflb.ru:56902/js/core/jquery.ee.router.js" in HTML "http://learning2.pflb.ru:56902/"  	[MsgId: MMSG-26659]
Login.c(34): Found resource "http://learning2.pflb.ru:56902/js/core/select2.full.min.js" in HTML "http://learning2.pflb.ru:56902/"  	[MsgId: MMSG-26659]
Login.c(34): Found resource "http://learning2.pflb.ru:56902/js/core/readmore.min.js" in HTML "http://learning2.pflb.ru:56902/"  	[MsgId: MMSG-26659]
Login.c(34): Resource "http://learning2.pflb.ru:56902/js/core/dust.js" is in the cache already and will not be downloaded again  	[MsgId: MMSG-26655]
Login.c(34): Found resource "http://learning2.pflb.ru:56902/js/core/dust-helpers.js" in HTML "http://learning2.pflb.ru:56902/"  	[MsgId: MMSG-26659]
Login.c(34): Found resource "http://learning2.pflb.ru:56902/js/core/custom-helpers.js" in HTML "http://learning2.pflb.ru:56902/"  	[MsgId: MMSG-26659]
Login.c(34): Found resource "http://learning2.pflb.ru:56902/js/core/materialize.min.js" in HTML "http://learning2.pflb.ru:56902/"  	[MsgId: MMSG-26659]
Login.c(34): Found resource "http://learning2.pflb.ru:56902/js/core/materialize-select.js" in HTML "http://learning2.pflb.ru:56902/"  	[MsgId: MMSG-26659]
Login.c(34): Found resource "http://learning2.pflb.ru:56902/js/core/materialize-pagination.js" in HTML "http://learning2.pflb.ru:56902/"  	[MsgId: MMSG-26659]
Login.c(34): Found resource "http://learning2.pflb.ru:56902/js/core/polyphills.js" in HTML "http://learning2.pflb.ru:56902/"  	[MsgId: MMSG-26659]
Login.c(34): Found resource "http://learning2.pflb.ru:56902/js/core/helpers.js" in HTML "http://learning2.pflb.ru:56902/"  	[MsgId: MMSG-26659]
Login.c(34): Found resource "http://learning2.pflb.ru:56902/js/index.js" in HTML "http://learning2.pflb.ru:56902/"  	[MsgId: MMSG-26659]
Login.c(34): Found resource "http://learning2.pflb.ru:56902/js/core/materialTable.js" in HTML "http://learning2.pflb.ru:56902/"  	[MsgId: MMSG-26659]
Login.c(34): web_url("/") was successful, 559905 body bytes, 4251 header bytes  	[MsgId: MMSG-26386]
Login.c(44): web_url("/api/checkLogin") started  	[MsgId: MMSG-26355]
Login.c(44): web_url("/api/checkLogin") was successful, 92 body bytes, 316 header bytes, 11 chunking overhead bytes  	[MsgId: MMSG-26385]
Login.c(54): web_url("/api/user/info") started  	[MsgId: MMSG-26355]
Login.c(54): web_url("/api/user/info") was successful, 277 body bytes, 316 header bytes, 12 chunking overhead bytes  	[MsgId: MMSG-26385]
Login.c(64): web_url("/api/ticket/countByState/4") started  	[MsgId: MMSG-26355]
Login.c(64): web_url("/api/ticket/countByState/4") was successful, 52 body bytes, 316 header bytes, 11 chunking overhead bytes  	[MsgId: MMSG-26385]
Login.c(74): web_url("/api/ticket/countByState/") started  	[MsgId: MMSG-26355]
Login.c(74): web_url("/api/ticket/countByState/") was successful, 220 body bytes, 316 header bytes, 11 chunking overhead bytes  	[MsgId: MMSG-26385]
Login.c(84): web_custom_request("/api/ticket/") started  	[MsgId: MMSG-26355]
Login.c(84): web_custom_request("/api/ticket/") was successful, 11603 body bytes, 316 header bytes, 20 chunking overhead bytes  	[MsgId: MMSG-26385]
Login.c(97): Notify: Transaction "UC01_TR01_login" ended with a "Pass" status (Duration: 3.1639 Wasted Time: 0.1745).
Ending action Login.
Starting action CreateOrder.
Warning: Failed to get NV emulation handle.
CreateOrder.c(4): Notify: Transaction "UC01_TR02_NewOrder" started.
CreateOrder.c(4): Warning: Failed to get NV emulation handle.
CreateOrder.c(6): web_url("/api/user/catalog/node/0/children/") started  	[MsgId: MMSG-26355]
CreateOrder.c(6): web_url("/api/user/catalog/node/0/children/") was successful, 907 body bytes, 316 header bytes, 12 chunking overhead bytes  	[MsgId: MMSG-26385]
CreateOrder.c(16): web_set_sockets_option started  	[MsgId: MMSG-26355]
CreateOrder.c(16): web_set_sockets_option was successful  	[MsgId: MMSG-26392]
CreateOrder.c(18): Notify: Transaction "UC01_TR02_NewOrder" ended with a "Pass" status (Duration: 0.0903 Wasted Time: 0.0214).
CreateOrder.c(20): Notify: Transaction "UC01_TR03_Location1" started.
CreateOrder.c(20): Warning: Failed to get NV emulation handle.
CreateOrder.c(24): web_reg_save_param_json started  	[MsgId: MMSG-26355]
CreateOrder.c(24): Registering web_reg_save_param_json was successful  	[MsgId: MMSG-26390]
CreateOrder.c(29): web_url("/api/shops") started  	[MsgId: MMSG-26355]
CreateOrder.c(29): web_url("/api/shops") was successful, 1015 body bytes, 316 header bytes, 12 chunking overhead bytes  	[MsgId: MMSG-26385]
CreateOrder.c(41): web_url("/api/user/catalog/node/0/children/") started  	[MsgId: MMSG-26355]
CreateOrder.c(41): web_url("/api/user/catalog/node/0/children/") was successful, 907 body bytes, 316 header bytes, 12 chunking overhead bytes  	[MsgId: MMSG-26385]
CreateOrder.c(51): web_reg_save_param_json started  	[MsgId: MMSG-26355]
CreateOrder.c(51): Registering web_reg_save_param_json was successful  	[MsgId: MMSG-26390]
CreateOrder.c(55): web_reg_save_param_json started  	[MsgId: MMSG-26355]
CreateOrder.c(55): Registering web_reg_save_param_json was successful  	[MsgId: MMSG-26390]
CreateOrder.c(59): web_reg_save_param_json started  	[MsgId: MMSG-26355]
CreateOrder.c(59): Registering web_reg_save_param_json was successful  	[MsgId: MMSG-26390]
CreateOrder.c(64): web_url("/api/user/catalog/treeview") started  	[MsgId: MMSG-26355]
CreateOrder.c(64): web_url("/api/user/catalog/treeview") was successful, 75659 body bytes, 316 header bytes, 84 chunking overhead bytes  	[MsgId: MMSG-26385]
CreateOrder.c(80): Notify: Transaction "UC01_TR03_Location1" ended with a "Pass" status (Duration: 0.5366 Wasted Time: 0.0776).
CreateOrder.c(83): Notify: Transaction "UC01_TR04_theme1" started.
CreateOrder.c(83): Warning: Failed to get NV emulation handle.
CreateOrder.c(85): web_url("/api/user/catalog/node/parentId/children/") started  	[MsgId: MMSG-26355]
CreateOrder.c(85): web_url("/api/user/catalog/node/parentId/children/") was successful, 2 body bytes, 316 header bytes, 10 chunking overhead bytes  	[MsgId: MMSG-26385]
CreateOrder.c(95): web_url("/api/user/catalog/node/parentId/service/") started  	[MsgId: MMSG-26355]
CreateOrder.c(95): web_url("/api/user/catalog/node/parentId/service/") was successful, 1335 body bytes, 316 header bytes, 12 chunking overhead bytes  	[MsgId: MMSG-26385]
CreateOrder.c(105): web_reg_save_param_json started  	[MsgId: MMSG-26355]
CreateOrder.c(105): Registering web_reg_save_param_json was successful  	[MsgId: MMSG-26390]
CreateOrder.c(110): web_url("/api/user/catalog/breadcrumbs/parentId") started  	[MsgId: MMSG-26355]
CreateOrder.c(110): web_url("/api/user/catalog/breadcrumbs/parentId") was successful, 215 body bytes, 316 header bytes, 11 chunking overhead bytes  	[MsgId: MMSG-26385]
CreateOrder.c(122): web_reg_save_param_json started  	[MsgId: MMSG-26355]
CreateOrder.c(122): Registering web_reg_save_param_json was successful  	[MsgId: MMSG-26390]
CreateOrder.c(126): web_url("/api/inventoryNumbers") started  	[MsgId: MMSG-26355]
CreateOrder.c(126): web_url("/api/inventoryNumbers") was successful, 236 body bytes, 316 header bytes, 11 chunking overhead bytes  	[MsgId: MMSG-26385]
CreateOrder.c(137): Notify: Transaction "UC01_TR04_theme1" ended with a "Pass" status (Duration: 0.3414 Wasted Time: 0.0726).
CreateOrder.c(141): Notify: Transaction "UC01_TR05_Description" started.
CreateOrder.c(141): Warning: Failed to get NV emulation handle.
CreateOrder.c(144): web_reg_save_param_json started  	[MsgId: MMSG-26355]
CreateOrder.c(144): Registering web_reg_save_param_json was successful  	[MsgId: MMSG-26390]
CreateOrder.c(150): web_url("/api/inventoryNumbers") started  	[MsgId: MMSG-26355]
CreateOrder.c(150): web_url("/api/inventoryNumbers") was successful, 236 body bytes, 316 header bytes, 11 chunking overhead bytes  	[MsgId: MMSG-26385]
CreateOrder.c(166): Notify: Transaction "UC01_TR05_Description" ended with a "Pass" status (Duration: 0.0919 Wasted Time: 0.0201).
CreateOrder.c(170): Notify: Transaction "UC01_TR06_inventoryNum" started.
CreateOrder.c(170): Warning: Failed to get NV emulation handle.
CreateOrder.c(172): web_url("/api/inventoryNumbers") started  	[MsgId: MMSG-26355]
CreateOrder.c(172): web_url("/api/inventoryNumbers") was successful, 236 body bytes, 316 header bytes, 11 chunking overhead bytes  	[MsgId: MMSG-26385]
CreateOrder.c(184): Notify: Transaction "UC01_TR06_inventoryNum" ended with a "Pass" status (Duration: 0.0831 Wasted Time: 0.0169).
CreateOrder.c(188): Notify: Transaction "UC01_TR07_descFinish" started.
CreateOrder.c(188): Warning: Failed to get NV emulation handle.
CreateOrder.c(205): web_get_int_property started  	[MsgId: MMSG-26355]
CreateOrder.c(205): web_get_int_property was successful  	[MsgId: MMSG-26392]
CreateOrder.c(207): web_custom_request("/api/ticket/") started  	[MsgId: MMSG-26355]
CreateOrder.c(207): web_custom_request("/api/ticket/") was successful, 1088 body bytes, 316 header bytes, 12 chunking overhead bytes  	[MsgId: MMSG-26385]
influx.c(3): web_get_int_property started  	[MsgId: MMSG-26355]
influx.c(3): web_get_int_property was successful  	[MsgId: MMSG-26392]
influx.c(6): web_get_int_property started  	[MsgId: MMSG-26355]
influx.c(6): web_get_int_property was successful  	[MsgId: MMSG-26392]
influx.c(10): web_get_int_property started  	[MsgId: MMSG-26355]
influx.c(10): web_get_int_property was successful  	[MsgId: MMSG-26392]
influx.c(10): web_get_int_property started  	[MsgId: MMSG-26355]
influx.c(10): web_get_int_property was successful  	[MsgId: MMSG-26392]
influx.c(10): web_get_int_property started  	[MsgId: MMSG-26355]
influx.c(10): web_get_int_property was successful  	[MsgId: MMSG-26392]
influx.c(30): web_custom_request("DB Request") started  	[MsgId: MMSG-26355]
influx.c(30): web_custom_request("DB Request") was successful, 0 body bytes, 248 header bytes  	[MsgId: MMSG-26386]
CreateOrder.c(226): Notify: Transaction "UC01_TR07_descFinish" ended with a "Pass" status (Duration: 0.9623 Wasted Time: 0.0368).
CreateOrder.c(228): Notify: Transaction "UC01_TR08_descFinishOK" started.
CreateOrder.c(228): Warning: Failed to get NV emulation handle.
CreateOrder.c(232): web_url("/") started  	[MsgId: MMSG-26355]
CreateOrder.c(232): Retrieving data from cache for "http://learning2.pflb.ru:56902/"  	[MsgId: MMSG-26558]
CreateOrder.c(232): Resource "http://learning2.pflb.ru:56902/css/core/material_icons.css" is in the cache already and will not be downloaded again  	[MsgId: MMSG-26655]
CreateOrder.c(232): Resource "http://learning2.pflb.ru:56902/css/core/materialize.min.css" is in the cache already and will not be downloaded again  	[MsgId: MMSG-26655]
CreateOrder.c(232): Resource "http://learning2.pflb.ru:56902/css/core/uploadfile.css" is in the cache already and will not be downloaded again  	[MsgId: MMSG-26655]
CreateOrder.c(232): Resource "http://learning2.pflb.ru:56902/css/core/quill.snow.css" is in the cache already and will not be downloaded again  	[MsgId: MMSG-26655]
CreateOrder.c(232): Resource "http://learning2.pflb.ru:56902/css/core/select2.min.css" is in the cache already and will not be downloaded again  	[MsgId: MMSG-26655]
CreateOrder.c(232): Resource "http://learning2.pflb.ru:56902/css/core/ee-file-upload.css" is in the cache already and will not be downloaded again  	[MsgId: MMSG-26655]
CreateOrder.c(232): Resource "http://learning2.pflb.ru:56902/css/style.css" is in the cache already and will not be downloaded again  	[MsgId: MMSG-26655]
CreateOrder.c(232): Resource "http://learning2.pflb.ru:56902/css/company_2.css" is in the cache already and will not be downloaded again  	[MsgId: MMSG-26655]
CreateOrder.c(232): Resource "http://learning2.pflb.ru:56902/js/core/legacy.js" is in the cache already and will not be downloaded again  	[MsgId: MMSG-26655]
CreateOrder.c(232): Resource "http://learning2.pflb.ru:56902/js/core/jquery-3.1.1.js" is in the cache already and will not be downloaded again  	[MsgId: MMSG-26655]
CreateOrder.c(232): Resource "http://learning2.pflb.ru:56902/js/core/clamp.js" is in the cache already and will not be downloaded again  	[MsgId: MMSG-26655]
CreateOrder.c(232): Resource "http://learning2.pflb.ru:56902/js/core/jquery.cookie.js" is in the cache already and will not be downloaded again  	[MsgId: MMSG-26655]
CreateOrder.c(232): Resource "http://learning2.pflb.ru:56902/js/core/jquery.uploadfile.js" is in the cache already and will not be downloaded again  	[MsgId: MMSG-26655]
CreateOrder.c(232): Resource "http://learning2.pflb.ru:56902/js/core/jquery.maskedinput.js" is in the cache already and will not be downloaded again  	[MsgId: MMSG-26655]
CreateOrder.c(232): Resource "http://learning2.pflb.ru:56902/js/core/jquery.ee.router.js" is in the cache already and will not be downloaded again  	[MsgId: MMSG-26655]
CreateOrder.c(232): Resource "http://learning2.pflb.ru:56902/js/core/select2.full.min.js" is in the cache already and will not be downloaded again  	[MsgId: MMSG-26655]
CreateOrder.c(232): Resource "http://learning2.pflb.ru:56902/js/core/readmore.min.js" is in the cache already and will not be downloaded again  	[MsgId: MMSG-26655]
CreateOrder.c(232): Resource "http://learning2.pflb.ru:56902/js/core/dust.js" is in the cache already and will not be downloaded again  	[MsgId: MMSG-26655]
CreateOrder.c(232): Resource "http://learning2.pflb.ru:56902/js/core/dust-helpers.js" is in the cache already and will not be downloaded again  	[MsgId: MMSG-26655]
CreateOrder.c(232): Resource "http://learning2.pflb.ru:56902/js/core/custom-helpers.js" is in the cache already and will not be downloaded again  	[MsgId: MMSG-26655]
CreateOrder.c(232): Resource "http://learning2.pflb.ru:56902/js/core/materialize.min.js" is in the cache already and will not be downloaded again  	[MsgId: MMSG-26655]
CreateOrder.c(232): Resource "http://learning2.pflb.ru:56902/js/core/materialize-select.js" is in the cache already and will not be downloaded again  	[MsgId: MMSG-26655]
CreateOrder.c(232): Resource "http://learning2.pflb.ru:56902/js/core/materialize-pagination.js" is in the cache already and will not be downloaded again  	[MsgId: MMSG-26655]
CreateOrder.c(232): Resource "http://learning2.pflb.ru:56902/js/core/polyphills.js" is in the cache already and will not be downloaded again  	[MsgId: MMSG-26655]
CreateOrder.c(232): Resource "http://learning2.pflb.ru:56902/js/core/helpers.js" is in the cache already and will not be downloaded again  	[MsgId: MMSG-26655]
CreateOrder.c(232): Resource "http://learning2.pflb.ru:56902/js/index.js" is in the cache already and will not be downloaded again  	[MsgId: MMSG-26655]
CreateOrder.c(232): Resource "http://learning2.pflb.ru:56902/js/core/materialTable.js" is in the cache already and will not be downloaded again  	[MsgId: MMSG-26655]
CreateOrder.c(232): web_url("/") was successful, 0 body bytes, 0 header bytes  	[MsgId: MMSG-26386]
CreateOrder.c(241): web_url("/api/checkLogin") started  	[MsgId: MMSG-26355]
CreateOrder.c(241): web_url("/api/checkLogin") was successful, 92 body bytes, 316 header bytes, 11 chunking overhead bytes  	[MsgId: MMSG-26385]
CreateOrder.c(251): web_url("/api/user/info") started  	[MsgId: MMSG-26355]
CreateOrder.c(251): web_url("/api/user/info") was successful, 277 body bytes, 316 header bytes, 12 chunking overhead bytes  	[MsgId: MMSG-26385]
CreateOrder.c(261): web_url("/api/ticket/countByState/4") started  	[MsgId: MMSG-26355]
CreateOrder.c(261): web_url("/api/ticket/countByState/4") was successful, 52 body bytes, 316 header bytes, 11 chunking overhead bytes  	[MsgId: MMSG-26385]
CreateOrder.c(271): web_url("/api/ticket/countByState/") started  	[MsgId: MMSG-26355]
CreateOrder.c(271): web_url("/api/ticket/countByState/") was successful, 220 body bytes, 316 header bytes, 11 chunking overhead bytes  	[MsgId: MMSG-26385]
CreateOrder.c(281): web_url("/api/ticket/countByState/") started  	[MsgId: MMSG-26355]
CreateOrder.c(281): web_url("/api/ticket/countByState/") was successful, 220 body bytes, 316 header bytes, 11 chunking overhead bytes  	[MsgId: MMSG-26385]
CreateOrder.c(291): web_custom_request("/api/ticket/") started  	[MsgId: MMSG-26355]
CreateOrder.c(291): web_custom_request("/api/ticket/") was successful, 11497 body bytes, 316 header bytes, 20 chunking overhead bytes  	[MsgId: MMSG-26385]
CreateOrder.c(304): web_custom_request("/api/ticket/") started  	[MsgId: MMSG-26355]
CreateOrder.c(304): web_custom_request("/api/ticket/") was successful, 11497 body bytes, 316 header bytes, 20 chunking overhead bytes  	[MsgId: MMSG-26385]
CreateOrder.c(317): Notify: Transaction "UC01_TR08_descFinishOK" ended with a "Pass" status (Duration: 5.4159 Wasted Time: 0.1359).
Ending action CreateOrder.
Starting action CreateOrder.
Warning: Failed to get NV emulation handle.
CreateOrder.c(4): Notify: Transaction "UC01_TR02_NewOrder" started.
CreateOrder.c(4): Warning: Failed to get NV emulation handle.
CreateOrder.c(6): web_url("/api/user/catalog/node/0/children/") started  	[MsgId: MMSG-26355]
CreateOrder.c(6): web_url("/api/user/catalog/node/0/children/") was successful, 907 body bytes, 316 header bytes, 12 chunking overhead bytes  	[MsgId: MMSG-26385]
CreateOrder.c(16): web_set_sockets_option started  	[MsgId: MMSG-26355]
CreateOrder.c(16): web_set_sockets_option was successful  	[MsgId: MMSG-26392]
CreateOrder.c(18): Notify: Transaction "UC01_TR02_NewOrder" ended with a "Pass" status (Duration: 0.0849 Wasted Time: 0.0177).
CreateOrder.c(20): Notify: Transaction "UC01_TR03_Location1" started.
CreateOrder.c(20): Warning: Failed to get NV emulation handle.
CreateOrder.c(24): web_reg_save_param_json started  	[MsgId: MMSG-26355]
CreateOrder.c(24): Registering web_reg_save_param_json was successful  	[MsgId: MMSG-26390]
CreateOrder.c(29): web_url("/api/shops") started  	[MsgId: MMSG-26355]
CreateOrder.c(29): web_url("/api/shops") was successful, 1015 body bytes, 316 header bytes, 12 chunking overhead bytes  	[MsgId: MMSG-26385]
CreateOrder.c(41): web_url("/api/user/catalog/node/0/children/") started  	[MsgId: MMSG-26355]
CreateOrder.c(41): web_url("/api/user/catalog/node/0/children/") was successful, 907 body bytes, 316 header bytes, 12 chunking overhead bytes  	[MsgId: MMSG-26385]
CreateOrder.c(51): web_reg_save_param_json started  	[MsgId: MMSG-26355]
CreateOrder.c(51): Registering web_reg_save_param_json was successful  	[MsgId: MMSG-26390]
CreateOrder.c(55): web_reg_save_param_json started  	[MsgId: MMSG-26355]
CreateOrder.c(55): Registering web_reg_save_param_json was successful  	[MsgId: MMSG-26390]
CreateOrder.c(59): web_reg_save_param_json started  	[MsgId: MMSG-26355]
CreateOrder.c(59): Registering web_reg_save_param_json was successful  	[MsgId: MMSG-26390]
CreateOrder.c(64): web_url("/api/user/catalog/treeview") started  	[MsgId: MMSG-26355]
CreateOrder.c(64): web_url("/api/user/catalog/treeview") was successful, 75659 body bytes, 316 header bytes, 84 chunking overhead bytes  	[MsgId: MMSG-26385]
CreateOrder.c(80): Notify: Transaction "UC01_TR03_Location1" ended with a "Pass" status (Duration: 0.4808 Wasted Time: 0.0740).
CreateOrder.c(83): Notify: Transaction "UC01_TR04_theme1" started.
CreateOrder.c(83): Warning: Failed to get NV emulation handle.
CreateOrder.c(85): web_url("/api/user/catalog/node/parentId/children/") started  	[MsgId: MMSG-26355]
CreateOrder.c(85): web_url("/api/user/catalog/node/parentId/children/") was successful, 2 body bytes, 316 header bytes, 10 chunking overhead bytes  	[MsgId: MMSG-26385]
CreateOrder.c(95): web_url("/api/user/catalog/node/parentId/service/") started  	[MsgId: MMSG-26355]
CreateOrder.c(95): web_url("/api/user/catalog/node/parentId/service/") was successful, 970 body bytes, 316 header bytes, 12 chunking overhead bytes  	[MsgId: MMSG-26385]
CreateOrder.c(105): web_reg_save_param_json started  	[MsgId: MMSG-26355]
CreateOrder.c(105): Registering web_reg_save_param_json was successful  	[MsgId: MMSG-26390]
CreateOrder.c(110): web_url("/api/user/catalog/breadcrumbs/parentId") started  	[MsgId: MMSG-26355]
CreateOrder.c(110): web_url("/api/user/catalog/breadcrumbs/parentId") was successful, 230 body bytes, 316 header bytes, 11 chunking overhead bytes  	[MsgId: MMSG-26385]
CreateOrder.c(122): web_reg_save_param_json started  	[MsgId: MMSG-26355]
CreateOrder.c(122): Registering web_reg_save_param_json was successful  	[MsgId: MMSG-26390]
CreateOrder.c(126): web_url("/api/inventoryNumbers") started  	[MsgId: MMSG-26355]
CreateOrder.c(126): web_url("/api/inventoryNumbers") was successful, 235 body bytes, 316 header bytes, 11 chunking overhead bytes  	[MsgId: MMSG-26385]
CreateOrder.c(137): Notify: Transaction "UC01_TR04_theme1" ended with a "Pass" status (Duration: 0.3605 Wasted Time: 0.0784).
CreateOrder.c(141): Notify: Transaction "UC01_TR05_Description" started.
CreateOrder.c(141): Warning: Failed to get NV emulation handle.
CreateOrder.c(144): web_reg_save_param_json started  	[MsgId: MMSG-26355]
CreateOrder.c(144): Registering web_reg_save_param_json was successful  	[MsgId: MMSG-26390]
CreateOrder.c(150): web_url("/api/inventoryNumbers") started  	[MsgId: MMSG-26355]
CreateOrder.c(150): web_url("/api/inventoryNumbers") was successful, 235 body bytes, 316 header bytes, 11 chunking overhead bytes  	[MsgId: MMSG-26385]
CreateOrder.c(166): Notify: Transaction "UC01_TR05_Description" ended with a "Pass" status (Duration: 0.0920 Wasted Time: 0.0203).
CreateOrder.c(170): Notify: Transaction "UC01_TR06_inventoryNum" started.
CreateOrder.c(170): Warning: Failed to get NV emulation handle.
CreateOrder.c(172): web_url("/api/inventoryNumbers") started  	[MsgId: MMSG-26355]
CreateOrder.c(172): web_url("/api/inventoryNumbers") was successful, 235 body bytes, 316 header bytes, 11 chunking overhead bytes  	[MsgId: MMSG-26385]
CreateOrder.c(184): Notify: Transaction "UC01_TR06_inventoryNum" ended with a "Pass" status (Duration: 0.0879 Wasted Time: 0.0205).
CreateOrder.c(188): Notify: Transaction "UC01_TR07_descFinish" started.
CreateOrder.c(188): Warning: Failed to get NV emulation handle.
CreateOrder.c(205): web_get_int_property started  	[MsgId: MMSG-26355]
CreateOrder.c(205): web_get_int_property was successful  	[MsgId: MMSG-26392]
CreateOrder.c(207): web_custom_request("/api/ticket/") started  	[MsgId: MMSG-26355]
CreateOrder.c(207): web_custom_request("/api/ticket/") was successful, 1062 body bytes, 316 header bytes, 12 chunking overhead bytes  	[MsgId: MMSG-26385]
influx.c(3): web_get_int_property started  	[MsgId: MMSG-26355]
influx.c(3): web_get_int_property was successful  	[MsgId: MMSG-26392]
influx.c(6): web_get_int_property started  	[MsgId: MMSG-26355]
influx.c(6): web_get_int_property was successful  	[MsgId: MMSG-26392]
influx.c(10): web_get_int_property started  	[MsgId: MMSG-26355]
influx.c(10): web_get_int_property was successful  	[MsgId: MMSG-26392]
influx.c(10): web_get_int_property started  	[MsgId: MMSG-26355]
influx.c(10): web_get_int_property was successful  	[MsgId: MMSG-26392]
influx.c(10): web_get_int_property started  	[MsgId: MMSG-26355]
influx.c(10): web_get_int_property was successful  	[MsgId: MMSG-26392]
influx.c(30): web_custom_request("DB Request") started  	[MsgId: MMSG-26355]
influx.c(30): web_custom_request("DB Request") was successful, 0 body bytes, 248 header bytes  	[MsgId: MMSG-26386]
CreateOrder.c(226): Notify: Transaction "UC01_TR07_descFinish" ended with a "Pass" status (Duration: 0.9015 Wasted Time: 0.0398).
CreateOrder.c(228): Notify: Transaction "UC01_TR08_descFinishOK" started.
CreateOrder.c(228): Warning: Failed to get NV emulation handle.
CreateOrder.c(232): web_url("/") started  	[MsgId: MMSG-26355]
CreateOrder.c(232): Retrieving data from cache for "http://learning2.pflb.ru:56902/"  	[MsgId: MMSG-26558]
CreateOrder.c(232): Resource "http://learning2.pflb.ru:56902/css/core/material_icons.css" is in the cache already and will not be downloaded again  	[MsgId: MMSG-26655]
CreateOrder.c(232): Resource "http://learning2.pflb.ru:56902/css/core/materialize.min.css" is in the cache already and will not be downloaded again  	[MsgId: MMSG-26655]
CreateOrder.c(232): Resource "http://learning2.pflb.ru:56902/css/core/uploadfile.css" is in the cache already and will not be downloaded again  	[MsgId: MMSG-26655]
CreateOrder.c(232): Resource "http://learning2.pflb.ru:56902/css/core/quill.snow.css" is in the cache already and will not be downloaded again  	[MsgId: MMSG-26655]
CreateOrder.c(232): Resource "http://learning2.pflb.ru:56902/css/core/select2.min.css" is in the cache already and will not be downloaded again  	[MsgId: MMSG-26655]
CreateOrder.c(232): Resource "http://learning2.pflb.ru:56902/css/core/ee-file-upload.css" is in the cache already and will not be downloaded again  	[MsgId: MMSG-26655]
CreateOrder.c(232): Resource "http://learning2.pflb.ru:56902/css/style.css" is in the cache already and will not be downloaded again  	[MsgId: MMSG-26655]
CreateOrder.c(232): Resource "http://learning2.pflb.ru:56902/css/company_2.css" is in the cache already and will not be downloaded again  	[MsgId: MMSG-26655]
CreateOrder.c(232): Resource "http://learning2.pflb.ru:56902/js/core/legacy.js" is in the cache already and will not be downloaded again  	[MsgId: MMSG-26655]
CreateOrder.c(232): Resource "http://learning2.pflb.ru:56902/js/core/jquery-3.1.1.js" is in the cache already and will not be downloaded again  	[MsgId: MMSG-26655]
CreateOrder.c(232): Resource "http://learning2.pflb.ru:56902/js/core/clamp.js" is in the cache already and will not be downloaded again  	[MsgId: MMSG-26655]
CreateOrder.c(232): Resource "http://learning2.pflb.ru:56902/js/core/jquery.cookie.js" is in the cache already and will not be downloaded again  	[MsgId: MMSG-26655]
CreateOrder.c(232): Resource "http://learning2.pflb.ru:56902/js/core/jquery.uploadfile.js" is in the cache already and will not be downloaded again  	[MsgId: MMSG-26655]
CreateOrder.c(232): Resource "http://learning2.pflb.ru:56902/js/core/jquery.maskedinput.js" is in the cache already and will not be downloaded again  	[MsgId: MMSG-26655]
CreateOrder.c(232): Resource "http://learning2.pflb.ru:56902/js/core/jquery.ee.router.js" is in the cache already and will not be downloaded again  	[MsgId: MMSG-26655]
CreateOrder.c(232): Resource "http://learning2.pflb.ru:56902/js/core/select2.full.min.js" is in the cache already and will not be downloaded again  	[MsgId: MMSG-26655]
CreateOrder.c(232): Resource "http://learning2.pflb.ru:56902/js/core/readmore.min.js" is in the cache already and will not be downloaded again  	[MsgId: MMSG-26655]
CreateOrder.c(232): Resource "http://learning2.pflb.ru:56902/js/core/dust.js" is in the cache already and will not be downloaded again  	[MsgId: MMSG-26655]
CreateOrder.c(232): Resource "http://learning2.pflb.ru:56902/js/core/dust-helpers.js" is in the cache already and will not be downloaded again  	[MsgId: MMSG-26655]
CreateOrder.c(232): Resource "http://learning2.pflb.ru:56902/js/core/custom-helpers.js" is in the cache already and will not be downloaded again  	[MsgId: MMSG-26655]
CreateOrder.c(232): Resource "http://learning2.pflb.ru:56902/js/core/materialize.min.js" is in the cache already and will not be downloaded again  	[MsgId: MMSG-26655]
CreateOrder.c(232): Resource "http://learning2.pflb.ru:56902/js/core/materialize-select.js" is in the cache already and will not be downloaded again  	[MsgId: MMSG-26655]
CreateOrder.c(232): Resource "http://learning2.pflb.ru:56902/js/core/materialize-pagination.js" is in the cache already and will not be downloaded again  	[MsgId: MMSG-26655]
CreateOrder.c(232): Resource "http://learning2.pflb.ru:56902/js/core/polyphills.js" is in the cache already and will not be downloaded again  	[MsgId: MMSG-26655]
CreateOrder.c(232): Resource "http://learning2.pflb.ru:56902/js/core/helpers.js" is in the cache already and will not be downloaded again  	[MsgId: MMSG-26655]
CreateOrder.c(232): Resource "http://learning2.pflb.ru:56902/js/index.js" is in the cache already and will not be downloaded again  	[MsgId: MMSG-26655]
CreateOrder.c(232): Resource "http://learning2.pflb.ru:56902/js/core/materialTable.js" is in the cache already and will not be downloaded again  	[MsgId: MMSG-26655]
CreateOrder.c(232): web_url("/") was successful, 0 body bytes, 0 header bytes  	[MsgId: MMSG-26386]
CreateOrder.c(241): web_url("/api/checkLogin") started  	[MsgId: MMSG-26355]
CreateOrder.c(241): web_url("/api/checkLogin") was successful, 92 body bytes, 316 header bytes, 11 chunking overhead bytes  	[MsgId: MMSG-26385]
CreateOrder.c(251): web_url("/api/user/info") started  	[MsgId: MMSG-26355]
CreateOrder.c(251): web_url("/api/user/info") was successful, 277 body bytes, 316 header bytes, 12 chunking overhead bytes  	[MsgId: MMSG-26385]
CreateOrder.c(261): web_url("/api/ticket/countByState/4") started  	[MsgId: MMSG-26355]
CreateOrder.c(261): web_url("/api/ticket/countByState/4") was successful, 52 body bytes, 316 header bytes, 11 chunking overhead bytes  	[MsgId: MMSG-26385]
CreateOrder.c(271): web_url("/api/ticket/countByState/") started  	[MsgId: MMSG-26355]
CreateOrder.c(271): web_url("/api/ticket/countByState/") was successful, 220 body bytes, 316 header bytes, 11 chunking overhead bytes  	[MsgId: MMSG-26385]
CreateOrder.c(281): web_url("/api/ticket/countByState/") started  	[MsgId: MMSG-26355]
CreateOrder.c(281): web_url("/api/ticket/countByState/") was successful, 220 body bytes, 316 header bytes, 11 chunking overhead bytes  	[MsgId: MMSG-26385]
CreateOrder.c(291): web_custom_request("/api/ticket/") started  	[MsgId: MMSG-26355]
CreateOrder.c(291): web_custom_request("/api/ticket/") was successful, 11617 body bytes, 316 header bytes, 20 chunking overhead bytes  	[MsgId: MMSG-26385]
CreateOrder.c(304): web_custom_request("/api/ticket/") started  	[MsgId: MMSG-26355]
CreateOrder.c(304): web_custom_request("/api/ticket/") was successful, 11617 body bytes, 316 header bytes, 20 chunking overhead bytes  	[MsgId: MMSG-26385]
CreateOrder.c(317): Notify: Transaction "UC01_TR08_descFinishOK" ended with a "Pass" status (Duration: 5.2576 Wasted Time: 0.1308).
Ending action CreateOrder.
Starting action Comment.
Warning: Failed to get NV emulation handle.
Comment.c(4): Notify: Transaction "UC03_TR09_tasks" started.
Comment.c(4): Warning: Failed to get NV emulation handle.
Comment.c(6): web_url("/api/task/countByState/") started  	[MsgId: MMSG-26355]
Comment.c(6): web_url("/api/task/countByState/") was successful, 172 body bytes, 316 header bytes, 11 chunking overhead bytes  	[MsgId: MMSG-26385]
Comment.c(15): web_reg_save_param_json started  	[MsgId: MMSG-26355]
Comment.c(15): Registering web_reg_save_param_json was successful  	[MsgId: MMSG-26390]
Comment.c(21): web_custom_request("/api/task/") started  	[MsgId: MMSG-26355]
Comment.c(21): web_custom_request("/api/task/") was successful, 14170 body bytes, 316 header bytes, 21 chunking overhead bytes  	[MsgId: MMSG-26385]
Comment.c(35): web_set_sockets_option started  	[MsgId: MMSG-26355]
Comment.c(35): web_set_sockets_option was successful  	[MsgId: MMSG-26392]
Comment.c(37): Notify: Transaction "UC03_TR09_tasks" ended with a "Pass" status (Duration: 1.2465 Wasted Time: 0.0379).
Comment.c(39): Notify: Transaction "UC03_TR10_selectTask" started.
Comment.c(39): Warning: Failed to get NV emulation handle.
Comment.c(41): web_url("/api/task/id") started  	[MsgId: MMSG-26355]
Comment.c(41): web_url("/api/task/id") was successful, 1325 body bytes, 316 header bytes, 12 chunking overhead bytes  	[MsgId: MMSG-26385]
Comment.c(51): web_url("/api/checkLogin") started  	[MsgId: MMSG-26355]
Comment.c(51): web_url("/api/checkLogin") was successful, 92 body bytes, 316 header bytes, 11 chunking overhead bytes  	[MsgId: MMSG-26385]
Comment.c(61): web_url("/api/ticket/id/comment/") started  	[MsgId: MMSG-26355]
Comment.c(61): web_url("/api/ticket/id/comment/") was successful, 743 body bytes, 316 header bytes, 12 chunking overhead bytes  	[MsgId: MMSG-26385]
Comment.c(71): Notify: Transaction "UC03_TR10_selectTask" ended with a "Pass" status (Duration: 1.1702 Wasted Time: 0.0550).
Comment.c(75): Notify: Transaction "UC03_TR11_commentFinish" started.
Comment.c(75): Warning: Failed to get NV emulation handle.
Comment.c(77): web_get_int_property started  	[MsgId: MMSG-26355]
Comment.c(77): web_get_int_property was successful  	[MsgId: MMSG-26392]
Comment.c(79): web_custom_request("/api/ticket/id/comment/") started  	[MsgId: MMSG-26355]
Comment.c(79): web_custom_request("/api/ticket/id/comment/") was successful, 124 body bytes, 316 header bytes, 11 chunking overhead bytes  	[MsgId: MMSG-26385]
influx.c(3): web_get_int_property started  	[MsgId: MMSG-26355]
influx.c(3): web_get_int_property was successful  	[MsgId: MMSG-26392]
influx.c(6): web_get_int_property started  	[MsgId: MMSG-26355]
influx.c(6): web_get_int_property was successful  	[MsgId: MMSG-26392]
influx.c(10): web_get_int_property started  	[MsgId: MMSG-26355]
influx.c(10): web_get_int_property was successful  	[MsgId: MMSG-26392]
influx.c(10): web_get_int_property started  	[MsgId: MMSG-26355]
influx.c(10): web_get_int_property was successful  	[MsgId: MMSG-26392]
influx.c(10): web_get_int_property started  	[MsgId: MMSG-26355]
influx.c(10): web_get_int_property was successful  	[MsgId: MMSG-26392]
influx.c(30): web_custom_request("DB Request") started  	[MsgId: MMSG-26355]
influx.c(30): web_custom_request("DB Request") was successful, 0 body bytes, 248 header bytes  	[MsgId: MMSG-26386]
Comment.c(97): web_url("/api/ticket/id/comment/") started  	[MsgId: MMSG-26355]
Comment.c(97): web_url("/api/ticket/id/comment/") was successful, 915 body bytes, 316 header bytes, 12 chunking overhead bytes  	[MsgId: MMSG-26385]
Comment.c(107): Notify: Transaction "UC03_TR11_commentFinish" ended with a "Pass" status (Duration: 1.3157 Wasted Time: 0.0535).
Ending action Comment.
Starting action Comment.
Warning: Failed to get NV emulation handle.
Comment.c(4): Notify: Transaction "UC03_TR09_tasks" started.
Comment.c(4): Warning: Failed to get NV emulation handle.
Comment.c(6): web_url("/api/task/countByState/") started  	[MsgId: MMSG-26355]
Comment.c(6): web_url("/api/task/countByState/") was successful, 172 body bytes, 316 header bytes, 11 chunking overhead bytes  	[MsgId: MMSG-26385]
Comment.c(15): web_reg_save_param_json started  	[MsgId: MMSG-26355]
Comment.c(15): Registering web_reg_save_param_json was successful  	[MsgId: MMSG-26390]
Comment.c(21): web_custom_request("/api/task/") started  	[MsgId: MMSG-26355]
Comment.c(21): web_custom_request("/api/task/") was successful, 14184 body bytes, 316 header bytes, 21 chunking overhead bytes  	[MsgId: MMSG-26385]
Comment.c(35): web_set_sockets_option started  	[MsgId: MMSG-26355]
Comment.c(35): web_set_sockets_option was successful  	[MsgId: MMSG-26392]
Comment.c(37): Notify: Transaction "UC03_TR09_tasks" ended with a "Pass" status (Duration: 1.1397 Wasted Time: 0.0377).
Comment.c(39): Notify: Transaction "UC03_TR10_selectTask" started.
Comment.c(39): Warning: Failed to get NV emulation handle.
Comment.c(41): web_url("/api/task/id") started  	[MsgId: MMSG-26355]
Comment.c(41): web_url("/api/task/id") was successful, 1313 body bytes, 316 header bytes, 12 chunking overhead bytes  	[MsgId: MMSG-26385]
Comment.c(51): web_url("/api/checkLogin") started  	[MsgId: MMSG-26355]
Comment.c(51): web_url("/api/checkLogin") was successful, 92 body bytes, 316 header bytes, 11 chunking overhead bytes  	[MsgId: MMSG-26385]
Comment.c(61): web_url("/api/ticket/id/comment/") started  	[MsgId: MMSG-26355]
Comment.c(61): web_url("/api/ticket/id/comment/") was successful, 186 body bytes, 316 header bytes, 11 chunking overhead bytes  	[MsgId: MMSG-26385]
Comment.c(71): Notify: Transaction "UC03_TR10_selectTask" ended with a "Pass" status (Duration: 1.9243 Wasted Time: 0.0577).
Comment.c(75): Notify: Transaction "UC03_TR11_commentFinish" started.
Comment.c(75): Warning: Failed to get NV emulation handle.
Comment.c(77): web_get_int_property started  	[MsgId: MMSG-26355]
Comment.c(77): web_get_int_property was successful  	[MsgId: MMSG-26392]
Comment.c(79): web_custom_request("/api/ticket/id/comment/") started  	[MsgId: MMSG-26355]
Comment.c(79): web_custom_request("/api/ticket/id/comment/") was successful, 124 body bytes, 316 header bytes, 11 chunking overhead bytes  	[MsgId: MMSG-26385]
influx.c(3): web_get_int_property started  	[MsgId: MMSG-26355]
influx.c(3): web_get_int_property was successful  	[MsgId: MMSG-26392]
influx.c(6): web_get_int_property started  	[MsgId: MMSG-26355]
influx.c(6): web_get_int_property was successful  	[MsgId: MMSG-26392]
influx.c(10): web_get_int_property started  	[MsgId: MMSG-26355]
influx.c(10): web_get_int_property was successful  	[MsgId: MMSG-26392]
influx.c(10): web_get_int_property started  	[MsgId: MMSG-26355]
influx.c(10): web_get_int_property was successful  	[MsgId: MMSG-26392]
influx.c(10): web_get_int_property started  	[MsgId: MMSG-26355]
influx.c(10): web_get_int_property was successful  	[MsgId: MMSG-26392]
influx.c(30): web_custom_request("DB Request") started  	[MsgId: MMSG-26355]
influx.c(30): web_custom_request("DB Request") was successful, 0 body bytes, 248 header bytes  	[MsgId: MMSG-26386]
Comment.c(97): web_url("/api/ticket/id/comment/") started  	[MsgId: MMSG-26355]
Comment.c(97): web_url("/api/ticket/id/comment/") was successful, 358 body bytes, 316 header bytes, 12 chunking overhead bytes  	[MsgId: MMSG-26385]
Comment.c(107): Notify: Transaction "UC03_TR11_commentFinish" ended with a "Pass" status (Duration: 1.2393 Wasted Time: 0.0536).
Ending action Comment.
Starting action Comment.
Warning: Failed to get NV emulation handle.
Comment.c(4): Notify: Transaction "UC03_TR09_tasks" started.
Comment.c(4): Warning: Failed to get NV emulation handle.
Comment.c(6): web_url("/api/task/countByState/") started  	[MsgId: MMSG-26355]
Comment.c(6): web_url("/api/task/countByState/") was successful, 172 body bytes, 316 header bytes, 11 chunking overhead bytes  	[MsgId: MMSG-26385]
Comment.c(15): web_reg_save_param_json started  	[MsgId: MMSG-26355]
Comment.c(15): Registering web_reg_save_param_json was successful  	[MsgId: MMSG-26390]
Comment.c(21): web_custom_request("/api/task/") started  	[MsgId: MMSG-26355]
Comment.c(21): web_custom_request("/api/task/") was successful, 14192 body bytes, 316 header bytes, 21 chunking overhead bytes  	[MsgId: MMSG-26385]
Comment.c(35): web_set_sockets_option started  	[MsgId: MMSG-26355]
Comment.c(35): web_set_sockets_option was successful  	[MsgId: MMSG-26392]
Comment.c(37): Notify: Transaction "UC03_TR09_tasks" ended with a "Pass" status (Duration: 1,1099 Wasted Time: 0,0393).
Comment.c(39): Notify: Transaction "UC03_TR10_selectTask" started.
Comment.c(39): Warning: Failed to get NV emulation handle.
Comment.c(41): web_url("/api/task/id") started  	[MsgId: MMSG-26355]
Comment.c(41): web_url("/api/task/id") was successful, 1354 body bytes, 316 header bytes, 12 chunking overhead bytes  	[MsgId: MMSG-26385]
Comment.c(51): web_url("/api/checkLogin") started  	[MsgId: MMSG-26355]
Comment.c(51): web_url("/api/checkLogin") was successful, 92 body bytes, 316 header bytes, 11 chunking overhead bytes  	[MsgId: MMSG-26385]
Comment.c(61): web_url("/api/ticket/id/comment/") started  	[MsgId: MMSG-26355]
Comment.c(61): web_url("/api/ticket/id/comment/") was successful, 556 body bytes, 316 header bytes, 12 chunking overhead bytes  	[MsgId: MMSG-26385]
Comment.c(71): Notify: Transaction "UC03_TR10_selectTask" ended with a "Pass" status (Duration: 1.7689 Wasted Time: 0.0559).
Comment.c(75): Notify: Transaction "UC03_TR11_commentFinish" started.
Comment.c(75): Warning: Failed to get NV emulation handle.
Comment.c(77): web_get_int_property started  	[MsgId: MMSG-26355]
Comment.c(77): web_get_int_property was successful  	[MsgId: MMSG-26392]
Comment.c(79): web_custom_request("/api/ticket/id/comment/") started  	[MsgId: MMSG-26355]
Comment.c(79): web_custom_request("/api/ticket/id/comment/") was successful, 124 body bytes, 316 header bytes, 11 chunking overhead bytes  	[MsgId: MMSG-26385]
influx.c(3): web_get_int_property started  	[MsgId: MMSG-26355]
influx.c(3): web_get_int_property was successful  	[MsgId: MMSG-26392]
influx.c(6): web_get_int_property started  	[MsgId: MMSG-26355]
influx.c(6): web_get_int_property was successful  	[MsgId: MMSG-26392]
influx.c(10): web_get_int_property started  	[MsgId: MMSG-26355]
influx.c(10): web_get_int_property was successful  	[MsgId: MMSG-26392]
influx.c(10): web_get_int_property started  	[MsgId: MMSG-26355]
influx.c(10): web_get_int_property was successful  	[MsgId: MMSG-26392]
influx.c(10): web_get_int_property started  	[MsgId: MMSG-26355]
influx.c(10): web_get_int_property was successful  	[MsgId: MMSG-26392]
influx.c(30): web_custom_request("DB Request") started  	[MsgId: MMSG-26355]
influx.c(30): web_custom_request("DB Request") was successful, 0 body bytes, 248 header bytes  	[MsgId: MMSG-26386]
Comment.c(97): web_url("/api/ticket/id/comment/") started  	[MsgId: MMSG-26355]
Comment.c(97): web_url("/api/ticket/id/comment/") was successful, 728 body bytes, 316 header bytes, 12 chunking overhead bytes  	[MsgId: MMSG-26385]
Comment.c(107): Notify: Transaction "UC03_TR11_commentFinish" ended with a "Pass" status (Duration: 1,1378 Wasted Time: 0,0537).
Ending action Comment.
Starting action Close.
Warning: Failed to get NV emulation handle.
Close.c(5): Notify: Transaction "UC04_TR12_tasks" started.
Close.c(5): Warning: Failed to get NV emulation handle.
Close.c(7): web_url("/api/task/countByState/") started  	[MsgId: MMSG-26355]
Close.c(7): web_url("/api/task/countByState/") was successful, 172 body bytes, 316 header bytes, 11 chunking overhead bytes  	[MsgId: MMSG-26385]
Close.c(17): web_reg_save_param_json started  	[MsgId: MMSG-26355]
Close.c(17): Registering web_reg_save_param_json was successful  	[MsgId: MMSG-26390]
Close.c(23): web_custom_request("/api/task/") started  	[MsgId: MMSG-26355]
Close.c(23): web_custom_request("/api/task/") was successful, 14192 body bytes, 316 header bytes, 21 chunking overhead bytes  	[MsgId: MMSG-26385]
Close.c(37): web_set_sockets_option started  	[MsgId: MMSG-26355]
Close.c(37): web_set_sockets_option was successful  	[MsgId: MMSG-26392]
Close.c(39): Notify: Transaction "UC04_TR12_tasks" ended with a "Pass" status (Duration: 1.1107 Wasted Time: 0.0382).
Close.c(41): Notify: Transaction "UC04_TR13_selectTask" started.
Close.c(41): Warning: Failed to get NV emulation handle.
Close.c(43): web_url("/api/task/id") started  	[MsgId: MMSG-26355]
Close.c(43): web_url("/api/task/id") was successful, 1504 body bytes, 316 header bytes, 12 chunking overhead bytes  	[MsgId: MMSG-26385]
Close.c(53): web_url("/api/checkLogin") started  	[MsgId: MMSG-26355]
Close.c(53): web_url("/api/checkLogin") was successful, 92 body bytes, 316 header bytes, 11 chunking overhead bytes  	[MsgId: MMSG-26385]
Close.c(63): web_url("/api/ticket/id/comment/") started  	[MsgId: MMSG-26355]
Close.c(63): web_url("/api/ticket/id/comment/") was successful, 2 body bytes, 316 header bytes, 10 chunking overhead bytes  	[MsgId: MMSG-26385]
Close.c(73): web_set_sockets_option started  	[MsgId: MMSG-26355]
Close.c(73): web_set_sockets_option was successful  	[MsgId: MMSG-26392]
Close.c(75): Notify: Transaction "UC04_TR13_selectTask" ended with a "Pass" status (Duration: 1.7196 Wasted Time: 0.0518).
Close.c(77): Notify: Transaction "UC04_TR14_ToOrder" started.
Close.c(77): Warning: Failed to get NV emulation handle.
Close.c(79): web_custom_request("/api/ticket/id") started  	[MsgId: MMSG-26355]
Close.c(79): web_custom_request("/api/ticket/id") was successful, 1518 body bytes, 316 header bytes, 12 chunking overhead bytes  	[MsgId: MMSG-26385]
Close.c(90): web_url("/api/ticket/id/comment/") started  	[MsgId: MMSG-26355]
Close.c(90): web_url("/api/ticket/id/comment/") was successful, 2 body bytes, 316 header bytes, 10 chunking overhead bytes  	[MsgId: MMSG-26385]
Close.c(100): Notify: Transaction "UC04_TR14_ToOrder" ended with a "Pass" status (Duration: 1.9504 Wasted Time: 0.0340).
Close.c(104): Notify: Transaction "UC04_TR15_closeOrder" started.
Close.c(104): Warning: Failed to get NV emulation handle.
Close.c(106): web_get_int_property started  	[MsgId: MMSG-26355]
Close.c(106): web_get_int_property was successful  	[MsgId: MMSG-26392]
Close.c(108): web_custom_request("/api/ticket/id/solve/") started  	[MsgId: MMSG-26355]
Close.c(108): web_custom_request("/api/ticket/id/solve/") was successful, 1367 body bytes, 316 header bytes, 12 chunking overhead bytes  	[MsgId: MMSG-26385]
influx.c(3): web_get_int_property started  	[MsgId: MMSG-26355]
influx.c(3): web_get_int_property was successful  	[MsgId: MMSG-26392]
influx.c(6): web_get_int_property started  	[MsgId: MMSG-26355]
influx.c(6): web_get_int_property was successful  	[MsgId: MMSG-26392]
influx.c(10): web_get_int_property started  	[MsgId: MMSG-26355]
influx.c(10): web_get_int_property was successful  	[MsgId: MMSG-26392]
influx.c(10): web_get_int_property started  	[MsgId: MMSG-26355]
influx.c(10): web_get_int_property was successful  	[MsgId: MMSG-26392]
influx.c(10): web_get_int_property started  	[MsgId: MMSG-26355]
influx.c(10): web_get_int_property was successful  	[MsgId: MMSG-26392]
influx.c(30): web_custom_request("DB Request") started  	[MsgId: MMSG-26355]
influx.c(30): web_custom_request("DB Request") was successful, 0 body bytes, 248 header bytes  	[MsgId: MMSG-26386]
Close.c(123): web_url("/home") started  	[MsgId: MMSG-26355]
Close.c(123): Retrieving data from cache for "http://learning2.pflb.ru:56902/"  	[MsgId: MMSG-26558]
Close.c(123): Resource "http://learning2.pflb.ru:56902/css/core/material_icons.css" is in the cache already and will not be downloaded again  	[MsgId: MMSG-26655]
Close.c(123): Resource "http://learning2.pflb.ru:56902/css/core/materialize.min.css" is in the cache already and will not be downloaded again  	[MsgId: MMSG-26655]
Close.c(123): Resource "http://learning2.pflb.ru:56902/css/core/uploadfile.css" is in the cache already and will not be downloaded again  	[MsgId: MMSG-26655]
Close.c(123): Resource "http://learning2.pflb.ru:56902/css/core/quill.snow.css" is in the cache already and will not be downloaded again  	[MsgId: MMSG-26655]
Close.c(123): Resource "http://learning2.pflb.ru:56902/css/core/select2.min.css" is in the cache already and will not be downloaded again  	[MsgId: MMSG-26655]
Close.c(123): Resource "http://learning2.pflb.ru:56902/css/core/ee-file-upload.css" is in the cache already and will not be downloaded again  	[MsgId: MMSG-26655]
Close.c(123): Resource "http://learning2.pflb.ru:56902/css/style.css" is in the cache already and will not be downloaded again  	[MsgId: MMSG-26655]
Close.c(123): Resource "http://learning2.pflb.ru:56902/css/company_2.css" is in the cache already and will not be downloaded again  	[MsgId: MMSG-26655]
Close.c(123): Resource "http://learning2.pflb.ru:56902/js/core/legacy.js" is in the cache already and will not be downloaded again  	[MsgId: MMSG-26655]
Close.c(123): Resource "http://learning2.pflb.ru:56902/js/core/jquery-3.1.1.js" is in the cache already and will not be downloaded again  	[MsgId: MMSG-26655]
Close.c(123): Resource "http://learning2.pflb.ru:56902/js/core/clamp.js" is in the cache already and will not be downloaded again  	[MsgId: MMSG-26655]
Close.c(123): Resource "http://learning2.pflb.ru:56902/js/core/jquery.cookie.js" is in the cache already and will not be downloaded again  	[MsgId: MMSG-26655]
Close.c(123): Resource "http://learning2.pflb.ru:56902/js/core/jquery.uploadfile.js" is in the cache already and will not be downloaded again  	[MsgId: MMSG-26655]
Close.c(123): Resource "http://learning2.pflb.ru:56902/js/core/jquery.maskedinput.js" is in the cache already and will not be downloaded again  	[MsgId: MMSG-26655]
Close.c(123): Resource "http://learning2.pflb.ru:56902/js/core/jquery.ee.router.js" is in the cache already and will not be downloaded again  	[MsgId: MMSG-26655]
Close.c(123): Resource "http://learning2.pflb.ru:56902/js/core/select2.full.min.js" is in the cache already and will not be downloaded again  	[MsgId: MMSG-26655]
Close.c(123): Resource "http://learning2.pflb.ru:56902/js/core/readmore.min.js" is in the cache already and will not be downloaded again  	[MsgId: MMSG-26655]
Close.c(123): Resource "http://learning2.pflb.ru:56902/js/core/dust.js" is in the cache already and will not be downloaded again  	[MsgId: MMSG-26655]
Close.c(123): Resource "http://learning2.pflb.ru:56902/js/core/dust-helpers.js" is in the cache already and will not be downloaded again  	[MsgId: MMSG-26655]
Close.c(123): Resource "http://learning2.pflb.ru:56902/js/core/custom-helpers.js" is in the cache already and will not be downloaded again  	[MsgId: MMSG-26655]
Close.c(123): Resource "http://learning2.pflb.ru:56902/js/core/materialize.min.js" is in the cache already and will not be downloaded again  	[MsgId: MMSG-26655]
Close.c(123): Resource "http://learning2.pflb.ru:56902/js/core/materialize-select.js" is in the cache already and will not be downloaded again  	[MsgId: MMSG-26655]
Close.c(123): Resource "http://learning2.pflb.ru:56902/js/core/materialize-pagination.js" is in the cache already and will not be downloaded again  	[MsgId: MMSG-26655]
Close.c(123): Resource "http://learning2.pflb.ru:56902/js/core/polyphills.js" is in the cache already and will not be downloaded again  	[MsgId: MMSG-26655]
Close.c(123): Resource "http://learning2.pflb.ru:56902/js/core/helpers.js" is in the cache already and will not be downloaded again  	[MsgId: MMSG-26655]
Close.c(123): Resource "http://learning2.pflb.ru:56902/js/index.js" is in the cache already and will not be downloaded again  	[MsgId: MMSG-26655]
Close.c(123): Resource "http://learning2.pflb.ru:56902/js/core/materialTable.js" is in the cache already and will not be downloaded again  	[MsgId: MMSG-26655]
Close.c(123): web_url("/home") was successful, 0 body bytes, 0 header bytes  	[MsgId: MMSG-26386]
Close.c(132): web_url("/api/checkLogin") started  	[MsgId: MMSG-26355]
Close.c(132): web_url("/api/checkLogin") was successful, 92 body bytes, 316 header bytes, 11 chunking overhead bytes  	[MsgId: MMSG-26385]
Close.c(142): web_url("/api/user/info") started  	[MsgId: MMSG-26355]
Close.c(142): web_url("/api/user/info") was successful, 277 body bytes, 316 header bytes, 12 chunking overhead bytes  	[MsgId: MMSG-26385]
Close.c(152): web_url("/api/ticket/countByState/4") started  	[MsgId: MMSG-26355]
Close.c(152): web_url("/api/ticket/countByState/4") was successful, 52 body bytes, 316 header bytes, 11 chunking overhead bytes  	[MsgId: MMSG-26385]
Close.c(162): web_url("/api/ticket/countByState/") started  	[MsgId: MMSG-26355]
Close.c(162): web_url("/api/ticket/countByState/") was successful, 220 body bytes, 316 header bytes, 11 chunking overhead bytes  	[MsgId: MMSG-26385]
Close.c(172): web_url("/api/task/countByState/") started  	[MsgId: MMSG-26355]
Close.c(172): web_url("/api/task/countByState/") was successful, 172 body bytes, 316 header bytes, 11 chunking overhead bytes  	[MsgId: MMSG-26385]
Close.c(182): web_custom_request("/api/task/") started  	[MsgId: MMSG-26355]
Close.c(182): web_custom_request("/api/task/") was successful, 14370 body bytes, 316 header bytes, 21 chunking overhead bytes  	[MsgId: MMSG-26385]
Close.c(194): web_custom_request("/api/ticket/") started  	[MsgId: MMSG-26355]
Close.c(194): web_custom_request("/api/ticket/") was successful, 11617 body bytes, 316 header bytes, 20 chunking overhead bytes  	[MsgId: MMSG-26385]
Close.c(207): Notify: Transaction "UC04_TR15_closeOrder" ended with a "Pass" status (Duration: 4.4995 Wasted Time: 0.1685).
Ending action Close.
Starting action Close.
Warning: Failed to get NV emulation handle.
Close.c(5): Notify: Transaction "UC04_TR12_tasks" started.
Close.c(5): Warning: Failed to get NV emulation handle.
Close.c(7): web_url("/api/task/countByState/") started  	[MsgId: MMSG-26355]
Close.c(7): web_url("/api/task/countByState/") was successful, 172 body bytes, 316 header bytes, 11 chunking overhead bytes  	[MsgId: MMSG-26385]
Close.c(17): web_reg_save_param_json started  	[MsgId: MMSG-26355]
Close.c(17): Registering web_reg_save_param_json was successful  	[MsgId: MMSG-26390]
Close.c(23): web_custom_request("/api/task/") started  	[MsgId: MMSG-26355]
Close.c(23): web_custom_request("/api/task/") was successful, 14370 body bytes, 316 header bytes, 21 chunking overhead bytes  	[MsgId: MMSG-26385]
Close.c(37): web_set_sockets_option started  	[MsgId: MMSG-26355]
Close.c(37): web_set_sockets_option was successful  	[MsgId: MMSG-26392]
Close.c(39): Notify: Transaction "UC04_TR12_tasks" ended with a "Pass" status (Duration: 1.2066 Wasted Time: 0.0394).
Close.c(41): Notify: Transaction "UC04_TR13_selectTask" started.
Close.c(41): Warning: Failed to get NV emulation handle.
Close.c(43): web_url("/api/task/id") started  	[MsgId: MMSG-26355]
Close.c(43): web_url("/api/task/id") was successful, 1313 body bytes, 316 header bytes, 12 chunking overhead bytes  	[MsgId: MMSG-26385]
Close.c(53): web_url("/api/checkLogin") started  	[MsgId: MMSG-26355]
Close.c(53): web_url("/api/checkLogin") was successful, 92 body bytes, 316 header bytes, 11 chunking overhead bytes  	[MsgId: MMSG-26385]
Close.c(63): web_url("/api/ticket/id/comment/") started  	[MsgId: MMSG-26355]
Close.c(63): web_url("/api/ticket/id/comment/") was successful, 2 body bytes, 316 header bytes, 10 chunking overhead bytes  	[MsgId: MMSG-26385]
Close.c(73): web_set_sockets_option started  	[MsgId: MMSG-26355]
Close.c(73): web_set_sockets_option was successful  	[MsgId: MMSG-26392]
Close.c(75): Notify: Transaction "UC04_TR13_selectTask" ended with a "Pass" status (Duration: 1.8369 Wasted Time: 0.0491).
Close.c(77): Notify: Transaction "UC04_TR14_ToOrder" started.
Close.c(77): Warning: Failed to get NV emulation handle.
Close.c(79): web_custom_request("/api/ticket/id") started  	[MsgId: MMSG-26355]
Close.c(79): web_custom_request("/api/ticket/id") was successful, 1344 body bytes, 316 header bytes, 12 chunking overhead bytes  	[MsgId: MMSG-26385]
Close.c(90): web_url("/api/ticket/id/comment/") started  	[MsgId: MMSG-26355]
Close.c(90): web_url("/api/ticket/id/comment/") was successful, 2 body bytes, 316 header bytes, 10 chunking overhead bytes  	[MsgId: MMSG-26385]
Close.c(100): Notify: Transaction "UC04_TR14_ToOrder" ended with a "Pass" status (Duration: 2,7752 Wasted Time: 0,0335).
Close.c(104): Notify: Transaction "UC04_TR15_closeOrder" started.
Close.c(104): Warning: Failed to get NV emulation handle.
Close.c(106): web_get_int_property started  	[MsgId: MMSG-26355]
Close.c(106): web_get_int_property was successful  	[MsgId: MMSG-26392]
Close.c(108): web_custom_request("/api/ticket/id/solve/") started  	[MsgId: MMSG-26355]
Close.c(108): web_custom_request("/api/ticket/id/solve/") was successful, 1193 body bytes, 316 header bytes, 12 chunking overhead bytes  	[MsgId: MMSG-26385]
influx.c(3): web_get_int_property started  	[MsgId: MMSG-26355]
influx.c(3): web_get_int_property was successful  	[MsgId: MMSG-26392]
influx.c(6): web_get_int_property started  	[MsgId: MMSG-26355]
influx.c(6): web_get_int_property was successful  	[MsgId: MMSG-26392]
influx.c(10): web_get_int_property started  	[MsgId: MMSG-26355]
influx.c(10): web_get_int_property was successful  	[MsgId: MMSG-26392]
influx.c(10): web_get_int_property started  	[MsgId: MMSG-26355]
influx.c(10): web_get_int_property was successful  	[MsgId: MMSG-26392]
influx.c(10): web_get_int_property started  	[MsgId: MMSG-26355]
influx.c(10): web_get_int_property was successful  	[MsgId: MMSG-26392]
influx.c(30): web_custom_request("DB Request") started  	[MsgId: MMSG-26355]
influx.c(30): web_custom_request("DB Request") was successful, 0 body bytes, 248 header bytes  	[MsgId: MMSG-26386]
Close.c(123): web_url("/home") started  	[MsgId: MMSG-26355]
Close.c(123): Retrieving data from cache for "http://learning2.pflb.ru:56902/"  	[MsgId: MMSG-26558]
Close.c(123): Resource "http://learning2.pflb.ru:56902/css/core/material_icons.css" is in the cache already and will not be downloaded again  	[MsgId: MMSG-26655]
Close.c(123): Resource "http://learning2.pflb.ru:56902/css/core/materialize.min.css" is in the cache already and will not be downloaded again  	[MsgId: MMSG-26655]
Close.c(123): Resource "http://learning2.pflb.ru:56902/css/core/uploadfile.css" is in the cache already and will not be downloaded again  	[MsgId: MMSG-26655]
Close.c(123): Resource "http://learning2.pflb.ru:56902/css/core/quill.snow.css" is in the cache already and will not be downloaded again  	[MsgId: MMSG-26655]
Close.c(123): Resource "http://learning2.pflb.ru:56902/css/core/select2.min.css" is in the cache already and will not be downloaded again  	[MsgId: MMSG-26655]
Close.c(123): Resource "http://learning2.pflb.ru:56902/css/core/ee-file-upload.css" is in the cache already and will not be downloaded again  	[MsgId: MMSG-26655]
Close.c(123): Resource "http://learning2.pflb.ru:56902/css/style.css" is in the cache already and will not be downloaded again  	[MsgId: MMSG-26655]
Close.c(123): Resource "http://learning2.pflb.ru:56902/css/company_2.css" is in the cache already and will not be downloaded again  	[MsgId: MMSG-26655]
Close.c(123): Resource "http://learning2.pflb.ru:56902/js/core/legacy.js" is in the cache already and will not be downloaded again  	[MsgId: MMSG-26655]
Close.c(123): Resource "http://learning2.pflb.ru:56902/js/core/jquery-3.1.1.js" is in the cache already and will not be downloaded again  	[MsgId: MMSG-26655]
Close.c(123): Resource "http://learning2.pflb.ru:56902/js/core/clamp.js" is in the cache already and will not be downloaded again  	[MsgId: MMSG-26655]
Close.c(123): Resource "http://learning2.pflb.ru:56902/js/core/jquery.cookie.js" is in the cache already and will not be downloaded again  	[MsgId: MMSG-26655]
Close.c(123): Resource "http://learning2.pflb.ru:56902/js/core/jquery.uploadfile.js" is in the cache already and will not be downloaded again  	[MsgId: MMSG-26655]
Close.c(123): Resource "http://learning2.pflb.ru:56902/js/core/jquery.maskedinput.js" is in the cache already and will not be downloaded again  	[MsgId: MMSG-26655]
Close.c(123): Resource "http://learning2.pflb.ru:56902/js/core/jquery.ee.router.js" is in the cache already and will not be downloaded again  	[MsgId: MMSG-26655]
Close.c(123): Resource "http://learning2.pflb.ru:56902/js/core/select2.full.min.js" is in the cache already and will not be downloaded again  	[MsgId: MMSG-26655]
Close.c(123): Resource "http://learning2.pflb.ru:56902/js/core/readmore.min.js" is in the cache already and will not be downloaded again  	[MsgId: MMSG-26655]
Close.c(123): Resource "http://learning2.pflb.ru:56902/js/core/dust.js" is in the cache already and will not be downloaded again  	[MsgId: MMSG-26655]
Close.c(123): Resource "http://learning2.pflb.ru:56902/js/core/dust-helpers.js" is in the cache already and will not be downloaded again  	[MsgId: MMSG-26655]
Close.c(123): Resource "http://learning2.pflb.ru:56902/js/core/custom-helpers.js" is in the cache already and will not be downloaded again  	[MsgId: MMSG-26655]
Close.c(123): Resource "http://learning2.pflb.ru:56902/js/core/materialize.min.js" is in the cache already and will not be downloaded again  	[MsgId: MMSG-26655]
Close.c(123): Resource "http://learning2.pflb.ru:56902/js/core/materialize-select.js" is in the cache already and will not be downloaded again  	[MsgId: MMSG-26655]
Close.c(123): Resource "http://learning2.pflb.ru:56902/js/core/materialize-pagination.js" is in the cache already and will not be downloaded again  	[MsgId: MMSG-26655]
Close.c(123): Resource "http://learning2.pflb.ru:56902/js/core/polyphills.js" is in the cache already and will not be downloaded again  	[MsgId: MMSG-26655]
Close.c(123): Resource "http://learning2.pflb.ru:56902/js/core/helpers.js" is in the cache already and will not be downloaded again  	[MsgId: MMSG-26655]
Close.c(123): Resource "http://learning2.pflb.ru:56902/js/index.js" is in the cache already and will not be downloaded again  	[MsgId: MMSG-26655]
Close.c(123): Resource "http://learning2.pflb.ru:56902/js/core/materialTable.js" is in the cache already and will not be downloaded again  	[MsgId: MMSG-26655]
Close.c(123): web_url("/home") was successful, 0 body bytes, 0 header bytes  	[MsgId: MMSG-26386]
Close.c(132): web_url("/api/checkLogin") started  	[MsgId: MMSG-26355]
Close.c(132): web_url("/api/checkLogin") was successful, 92 body bytes, 316 header bytes, 11 chunking overhead bytes  	[MsgId: MMSG-26385]
Close.c(142): web_url("/api/user/info") started  	[MsgId: MMSG-26355]
Close.c(142): web_url("/api/user/info") was successful, 277 body bytes, 316 header bytes, 12 chunking overhead bytes  	[MsgId: MMSG-26385]
Close.c(152): web_url("/api/ticket/countByState/4") started  	[MsgId: MMSG-26355]
Close.c(152): web_url("/api/ticket/countByState/4") was successful, 52 body bytes, 316 header bytes, 11 chunking overhead bytes  	[MsgId: MMSG-26385]
Close.c(162): web_url("/api/ticket/countByState/") started  	[MsgId: MMSG-26355]
Close.c(162): web_url("/api/ticket/countByState/") was successful, 220 body bytes, 316 header bytes, 11 chunking overhead bytes  	[MsgId: MMSG-26385]
Close.c(172): web_url("/api/task/countByState/") started  	[MsgId: MMSG-26355]
Close.c(172): web_url("/api/task/countByState/") was successful, 172 body bytes, 316 header bytes, 11 chunking overhead bytes  	[MsgId: MMSG-26385]
Close.c(182): web_custom_request("/api/task/") started  	[MsgId: MMSG-26355]
Close.c(182): web_custom_request("/api/task/") was successful, 14446 body bytes, 316 header bytes, 21 chunking overhead bytes  	[MsgId: MMSG-26385]
Close.c(194): web_custom_request("/api/ticket/") started  	[MsgId: MMSG-26355]
Close.c(194): web_custom_request("/api/ticket/") was successful, 11617 body bytes, 316 header bytes, 20 chunking overhead bytes  	[MsgId: MMSG-26385]
Close.c(207): Notify: Transaction "UC04_TR15_closeOrder" ended with a "Pass" status (Duration: 6.1941 Wasted Time: 0.1720).
Ending action Close.
Starting action Logout.
Warning: Failed to get NV emulation handle.
Logout.c(3): Notify: Transaction "UC01_TR16_logout1" started.
Logout.c(3): Warning: Failed to get NV emulation handle.
Logout.c(5): web_get_int_property started  	[MsgId: MMSG-26355]
Logout.c(5): web_get_int_property was successful  	[MsgId: MMSG-26392]
Logout.c(7): web_url("/api/logout") started  	[MsgId: MMSG-26355]
Logout.c(7): Redirecting "http://learning2.pflb.ru:56902/api/logout" (redirection depth is 0)  	[MsgId: MMSG-26694]
Logout.c(7): To location "http://learning2.pflb.ru:56902/login.html"  	[MsgId: MMSG-26693]
Logout.c(7): Resource "http://learning2.pflb.ru:56902/css/core/material_icons.css" is in the cache already and will not be downloaded again  	[MsgId: MMSG-26655]
Logout.c(7): Resource "http://learning2.pflb.ru:56902/css/core/materialize.css" is in the cache already and will not be downloaded again  	[MsgId: MMSG-26655]
Logout.c(7): Resource "http://learning2.pflb.ru:56902/css/style.css" is in the cache already and will not be downloaded again  	[MsgId: MMSG-26655]
Logout.c(7): Resource "http://learning2.pflb.ru:56902/js/core/legacy.js" is in the cache already and will not be downloaded again  	[MsgId: MMSG-26655]
Logout.c(7): Resource "http://learning2.pflb.ru:56902/js/core/jquery-3.1.1.js" is in the cache already and will not be downloaded again  	[MsgId: MMSG-26655]
Logout.c(7): Resource "http://learning2.pflb.ru:56902/js/core/dust.js" is in the cache already and will not be downloaded again  	[MsgId: MMSG-26655]
Logout.c(7): Resource "http://learning2.pflb.ru:56902/js/core/jquery.cookie.js" is in the cache already and will not be downloaded again  	[MsgId: MMSG-26655]
Logout.c(7): Resource "http://learning2.pflb.ru:56902/js/core/materialize.js" is in the cache already and will not be downloaded again  	[MsgId: MMSG-26655]
Logout.c(7): Resource "http://learning2.pflb.ru:56902/js/page/authorisation.js" is in the cache already and will not be downloaded again  	[MsgId: MMSG-26655]
Logout.c(7): web_url("/api/logout") was successful, 873 body bytes, 675 header bytes  	[MsgId: MMSG-26386]
influx.c(3): web_get_int_property started  	[MsgId: MMSG-26355]
influx.c(3): web_get_int_property was successful  	[MsgId: MMSG-26392]
influx.c(6): web_get_int_property started  	[MsgId: MMSG-26355]
influx.c(6): web_get_int_property was successful  	[MsgId: MMSG-26392]
influx.c(10): web_get_int_property started  	[MsgId: MMSG-26355]
influx.c(10): web_get_int_property was successful  	[MsgId: MMSG-26392]
influx.c(10): web_get_int_property started  	[MsgId: MMSG-26355]
influx.c(10): web_get_int_property was successful  	[MsgId: MMSG-26392]
influx.c(10): web_get_int_property started  	[MsgId: MMSG-26355]
influx.c(10): web_get_int_property was successful  	[MsgId: MMSG-26392]
influx.c(30): web_custom_request("DB Request") started  	[MsgId: MMSG-26355]
influx.c(30): web_custom_request("DB Request") was successful, 0 body bytes, 248 header bytes  	[MsgId: MMSG-26386]
Logout.c(20): web_url("/login") started  	[MsgId: MMSG-26355]
Logout.c(20): Resource "http://learning2.pflb.ru:56902/css/core/material_icons.css" is in the cache already and will not be downloaded again  	[MsgId: MMSG-26655]
Logout.c(20): Resource "http://learning2.pflb.ru:56902/css/core/materialize.css" is in the cache already and will not be downloaded again  	[MsgId: MMSG-26655]
Logout.c(20): Resource "http://learning2.pflb.ru:56902/css/style.css" is in the cache already and will not be downloaded again  	[MsgId: MMSG-26655]
Logout.c(20): Resource "http://learning2.pflb.ru:56902/js/core/legacy.js" is in the cache already and will not be downloaded again  	[MsgId: MMSG-26655]
Logout.c(20): Resource "http://learning2.pflb.ru:56902/js/core/jquery-3.1.1.js" is in the cache already and will not be downloaded again  	[MsgId: MMSG-26655]
Logout.c(20): Resource "http://learning2.pflb.ru:56902/js/core/dust.js" is in the cache already and will not be downloaded again  	[MsgId: MMSG-26655]
Logout.c(20): Resource "http://learning2.pflb.ru:56902/js/core/jquery.cookie.js" is in the cache already and will not be downloaded again  	[MsgId: MMSG-26655]
Logout.c(20): Resource "http://learning2.pflb.ru:56902/js/core/materialize.js" is in the cache already and will not be downloaded again  	[MsgId: MMSG-26655]
Logout.c(20): Resource "http://learning2.pflb.ru:56902/js/page/authorisation.js" is in the cache already and will not be downloaded again  	[MsgId: MMSG-26655]
Logout.c(20): web_url("/login") was successful, 873 body bytes, 395 header bytes  	[MsgId: MMSG-26386]
Logout.c(30): Notify: Transaction "UC01_TR16_logout1" ended with a "Pass" status (Duration: 0,2158 Wasted Time: 0,0652).
Ending action Logout.
Ending iteration 1.
Ending Vuser...
Starting action vuser_end.
Warning: Failed to get NV emulation handle.
Ending action vuser_end.
Vuser Terminated.
