Start auto log messages stack - Iteration 4.	[MsgId: MMSG-10545]
CreateOrder.c(164): Notify: Transaction "UC01_TR05_Description" ended with a "Pass" status (Duration: 0,0474).	[MsgId: MMSG-16873]
CreateOrder.c(168): Notify: Transaction "UC01_TR06_inventoryNum" started.	[MsgId: MMSG-16999]
CreateOrder.c(170): web_url("/api/inventoryNumbers") started  	[MsgId: MMSG-26355]
CreateOrder.c(170): web_url("/api/inventoryNumbers") was successful, 114 body bytes, 316 header bytes, 11 chunking overhead bytes  	[MsgId: MMSG-26385]
CreateOrder.c(182): Notify: Transaction "UC01_TR06_inventoryNum" ended with a "Pass" status (Duration: 0,0469).	[MsgId: MMSG-16873]
CreateOrder.c(186): Notify: Transaction "UC01_TR07_descFinish" started.	[MsgId: MMSG-16999]
CreateOrder.c(203): web_get_int_property started  	[MsgId: MMSG-26355]
CreateOrder.c(203): web_get_int_property was successful  	[MsgId: MMSG-26392]
CreateOrder.c(205): web_custom_request("/api/ticket/") started  	[MsgId: MMSG-26355]
CreateOrder.c(205): Continuing after Error -26612: HTTP Status-Code=500 (Internal Server Error) for "http://learning2.pflb.ru:56902/api/ticket/"  	[MsgId: MERR-26612]
End auto log messages stack.	[MsgId: MMSG-10544]


Start auto log messages stack - Iteration 5.	[MsgId: MMSG-10545]
CreateOrder.c(164): Notify: Transaction "UC01_TR05_Description" ended with a "Pass" status (Duration: 0,0461).	[MsgId: MMSG-16873]
CreateOrder.c(168): Notify: Transaction "UC01_TR06_inventoryNum" started.	[MsgId: MMSG-16999]
CreateOrder.c(170): web_url("/api/inventoryNumbers") started  	[MsgId: MMSG-26355]
CreateOrder.c(170): web_url("/api/inventoryNumbers") was successful, 114 body bytes, 316 header bytes, 11 chunking overhead bytes  	[MsgId: MMSG-26385]
CreateOrder.c(182): Notify: Transaction "UC01_TR06_inventoryNum" ended with a "Pass" status (Duration: 0,0465).	[MsgId: MMSG-16873]
CreateOrder.c(186): Notify: Transaction "UC01_TR07_descFinish" started.	[MsgId: MMSG-16999]
CreateOrder.c(203): web_get_int_property started  	[MsgId: MMSG-26355]
CreateOrder.c(203): web_get_int_property was successful  	[MsgId: MMSG-26392]
CreateOrder.c(205): web_custom_request("/api/ticket/") started  	[MsgId: MMSG-26355]
CreateOrder.c(205): Continuing after Error -26612: HTTP Status-Code=500 (Internal Server Error) for "http://learning2.pflb.ru:56902/api/ticket/"  	[MsgId: MERR-26612]
End auto log messages stack.	[MsgId: MMSG-10544]


Start auto log messages stack - Iteration 6.	[MsgId: MMSG-10545]
CreateOrder.c(164): Notify: Transaction "UC01_TR05_Description" ended with a "Pass" status (Duration: 0,0481).	[MsgId: MMSG-16873]
CreateOrder.c(168): Notify: Transaction "UC01_TR06_inventoryNum" started.	[MsgId: MMSG-16999]
CreateOrder.c(170): web_url("/api/inventoryNumbers") started  	[MsgId: MMSG-26355]
CreateOrder.c(170): web_url("/api/inventoryNumbers") was successful, 114 body bytes, 316 header bytes, 11 chunking overhead bytes  	[MsgId: MMSG-26385]
CreateOrder.c(182): Notify: Transaction "UC01_TR06_inventoryNum" ended with a "Pass" status (Duration: 0,0473).	[MsgId: MMSG-16873]
CreateOrder.c(186): Notify: Transaction "UC01_TR07_descFinish" started.	[MsgId: MMSG-16999]
CreateOrder.c(203): web_get_int_property started  	[MsgId: MMSG-26355]
CreateOrder.c(203): web_get_int_property was successful  	[MsgId: MMSG-26392]
CreateOrder.c(205): web_custom_request("/api/ticket/") started  	[MsgId: MMSG-26355]
CreateOrder.c(205): Continuing after Error -26612: HTTP Status-Code=500 (Internal Server Error) for "http://learning2.pflb.ru:56902/api/ticket/"  	[MsgId: MERR-26612]
End auto log messages stack.	[MsgId: MMSG-10544]


Start auto log messages stack - Iteration 8.	[MsgId: MMSG-10545]
CreateOrder.c(164): Notify: Transaction "UC01_TR05_Description" ended with a "Pass" status (Duration: 0,0460).	[MsgId: MMSG-16873]
CreateOrder.c(168): Notify: Transaction "UC01_TR06_inventoryNum" started.	[MsgId: MMSG-16999]
CreateOrder.c(170): web_url("/api/inventoryNumbers") started  	[MsgId: MMSG-26355]
CreateOrder.c(170): web_url("/api/inventoryNumbers") was successful, 114 body bytes, 316 header bytes, 11 chunking overhead bytes  	[MsgId: MMSG-26385]
CreateOrder.c(182): Notify: Transaction "UC01_TR06_inventoryNum" ended with a "Pass" status (Duration: 0,0473).	[MsgId: MMSG-16873]
CreateOrder.c(186): Notify: Transaction "UC01_TR07_descFinish" started.	[MsgId: MMSG-16999]
CreateOrder.c(203): web_get_int_property started  	[MsgId: MMSG-26355]
CreateOrder.c(203): web_get_int_property was successful  	[MsgId: MMSG-26392]
CreateOrder.c(205): web_custom_request("/api/ticket/") started  	[MsgId: MMSG-26355]
CreateOrder.c(205): Continuing after Error -26612: HTTP Status-Code=500 (Internal Server Error) for "http://learning2.pflb.ru:56902/api/ticket/"  	[MsgId: MERR-26612]
End auto log messages stack.	[MsgId: MMSG-10544]


Start auto log messages stack - Iteration 17.	[MsgId: MMSG-10545]
CreateOrder.c(164): Notify: Transaction "UC01_TR05_Description" ended with a "Pass" status (Duration: 0,0466).	[MsgId: MMSG-16873]
CreateOrder.c(168): Notify: Transaction "UC01_TR06_inventoryNum" started.	[MsgId: MMSG-16999]
CreateOrder.c(170): web_url("/api/inventoryNumbers") started  	[MsgId: MMSG-26355]
CreateOrder.c(170): web_url("/api/inventoryNumbers") was successful, 114 body bytes, 316 header bytes, 11 chunking overhead bytes  	[MsgId: MMSG-26385]
CreateOrder.c(182): Notify: Transaction "UC01_TR06_inventoryNum" ended with a "Pass" status (Duration: 0,0479).	[MsgId: MMSG-16873]
CreateOrder.c(186): Notify: Transaction "UC01_TR07_descFinish" started.	[MsgId: MMSG-16999]
CreateOrder.c(203): web_get_int_property started  	[MsgId: MMSG-26355]
CreateOrder.c(203): web_get_int_property was successful  	[MsgId: MMSG-26392]
CreateOrder.c(205): web_custom_request("/api/ticket/") started  	[MsgId: MMSG-26355]
CreateOrder.c(205): Continuing after Error -26612: HTTP Status-Code=500 (Internal Server Error) for "http://learning2.pflb.ru:56902/api/ticket/"  	[MsgId: MERR-26612]
End auto log messages stack.	[MsgId: MMSG-10544]


Start auto log messages stack - Iteration 20.	[MsgId: MMSG-10545]
CreateOrder.c(164): Notify: Transaction "UC01_TR05_Description" ended with a "Pass" status (Duration: 0,0465).	[MsgId: MMSG-16873]
CreateOrder.c(168): Notify: Transaction "UC01_TR06_inventoryNum" started.	[MsgId: MMSG-16999]
CreateOrder.c(170): web_url("/api/inventoryNumbers") started  	[MsgId: MMSG-26355]
CreateOrder.c(170): web_url("/api/inventoryNumbers") was successful, 114 body bytes, 316 header bytes, 11 chunking overhead bytes  	[MsgId: MMSG-26385]
CreateOrder.c(182): Notify: Transaction "UC01_TR06_inventoryNum" ended with a "Pass" status (Duration: 0,0482).	[MsgId: MMSG-16873]
CreateOrder.c(186): Notify: Transaction "UC01_TR07_descFinish" started.	[MsgId: MMSG-16999]
CreateOrder.c(203): web_get_int_property started  	[MsgId: MMSG-26355]
CreateOrder.c(203): web_get_int_property was successful  	[MsgId: MMSG-26392]
CreateOrder.c(205): web_custom_request("/api/ticket/") started  	[MsgId: MMSG-26355]
CreateOrder.c(205): Continuing after Error -26612: HTTP Status-Code=500 (Internal Server Error) for "http://learning2.pflb.ru:56902/api/ticket/"  	[MsgId: MERR-26612]
End auto log messages stack.	[MsgId: MMSG-10544]


Start auto log messages stack - Iteration 22.	[MsgId: MMSG-10545]
CreateOrder.c(164): Notify: Transaction "UC01_TR05_Description" ended with a "Pass" status (Duration: 0,0482).	[MsgId: MMSG-16873]
CreateOrder.c(168): Notify: Transaction "UC01_TR06_inventoryNum" started.	[MsgId: MMSG-16999]
CreateOrder.c(170): web_url("/api/inventoryNumbers") started  	[MsgId: MMSG-26355]
CreateOrder.c(170): web_url("/api/inventoryNumbers") was successful, 114 body bytes, 316 header bytes, 11 chunking overhead bytes  	[MsgId: MMSG-26385]
CreateOrder.c(182): Notify: Transaction "UC01_TR06_inventoryNum" ended with a "Pass" status (Duration: 0,0468).	[MsgId: MMSG-16873]
CreateOrder.c(186): Notify: Transaction "UC01_TR07_descFinish" started.	[MsgId: MMSG-16999]
CreateOrder.c(203): web_get_int_property started  	[MsgId: MMSG-26355]
CreateOrder.c(203): web_get_int_property was successful  	[MsgId: MMSG-26392]
CreateOrder.c(205): web_custom_request("/api/ticket/") started  	[MsgId: MMSG-26355]
CreateOrder.c(205): Continuing after Error -26612: HTTP Status-Code=500 (Internal Server Error) for "http://learning2.pflb.ru:56902/api/ticket/"  	[MsgId: MERR-26612]
End auto log messages stack.	[MsgId: MMSG-10544]


Start auto log messages stack - Iteration 23.	[MsgId: MMSG-10545]
CreateOrder.c(164): Notify: Transaction "UC01_TR05_Description" ended with a "Pass" status (Duration: 0,0456).	[MsgId: MMSG-16873]
CreateOrder.c(168): Notify: Transaction "UC01_TR06_inventoryNum" started.	[MsgId: MMSG-16999]
CreateOrder.c(170): web_url("/api/inventoryNumbers") started  	[MsgId: MMSG-26355]
CreateOrder.c(170): web_url("/api/inventoryNumbers") was successful, 114 body bytes, 316 header bytes, 11 chunking overhead bytes  	[MsgId: MMSG-26385]
CreateOrder.c(182): Notify: Transaction "UC01_TR06_inventoryNum" ended with a "Pass" status (Duration: 0,0468).	[MsgId: MMSG-16873]
CreateOrder.c(186): Notify: Transaction "UC01_TR07_descFinish" started.	[MsgId: MMSG-16999]
CreateOrder.c(203): web_get_int_property started  	[MsgId: MMSG-26355]
CreateOrder.c(203): web_get_int_property was successful  	[MsgId: MMSG-26392]
CreateOrder.c(205): web_custom_request("/api/ticket/") started  	[MsgId: MMSG-26355]
CreateOrder.c(205): Continuing after Error -26612: HTTP Status-Code=500 (Internal Server Error) for "http://learning2.pflb.ru:56902/api/ticket/"  	[MsgId: MERR-26612]
End auto log messages stack.	[MsgId: MMSG-10544]


Start auto log messages stack - Iteration 23.	[MsgId: MMSG-10545]
CreateOrder.c(164): Notify: Transaction "UC01_TR05_Description" ended with a "Pass" status (Duration: 0,0463).	[MsgId: MMSG-16873]
CreateOrder.c(168): Notify: Transaction "UC01_TR06_inventoryNum" started.	[MsgId: MMSG-16999]
CreateOrder.c(170): web_url("/api/inventoryNumbers") started  	[MsgId: MMSG-26355]
CreateOrder.c(170): web_url("/api/inventoryNumbers") was successful, 114 body bytes, 316 header bytes, 11 chunking overhead bytes  	[MsgId: MMSG-26385]
CreateOrder.c(182): Notify: Transaction "UC01_TR06_inventoryNum" ended with a "Pass" status (Duration: 0,0459).	[MsgId: MMSG-16873]
CreateOrder.c(186): Notify: Transaction "UC01_TR07_descFinish" started.	[MsgId: MMSG-16999]
CreateOrder.c(203): web_get_int_property started  	[MsgId: MMSG-26355]
CreateOrder.c(203): web_get_int_property was successful  	[MsgId: MMSG-26392]
CreateOrder.c(205): web_custom_request("/api/ticket/") started  	[MsgId: MMSG-26355]
CreateOrder.c(205): Continuing after Error -26612: HTTP Status-Code=500 (Internal Server Error) for "http://learning2.pflb.ru:56902/api/ticket/"  	[MsgId: MERR-26612]
End auto log messages stack.	[MsgId: MMSG-10544]


Start auto log messages stack - Iteration 25.	[MsgId: MMSG-10545]
CreateOrder.c(164): Notify: Transaction "UC01_TR05_Description" ended with a "Pass" status (Duration: 0,0462).	[MsgId: MMSG-16873]
CreateOrder.c(168): Notify: Transaction "UC01_TR06_inventoryNum" started.	[MsgId: MMSG-16999]
CreateOrder.c(170): web_url("/api/inventoryNumbers") started  	[MsgId: MMSG-26355]
CreateOrder.c(170): web_url("/api/inventoryNumbers") was successful, 114 body bytes, 316 header bytes, 11 chunking overhead bytes  	[MsgId: MMSG-26385]
CreateOrder.c(182): Notify: Transaction "UC01_TR06_inventoryNum" ended with a "Pass" status (Duration: 0,0456).	[MsgId: MMSG-16873]
CreateOrder.c(186): Notify: Transaction "UC01_TR07_descFinish" started.	[MsgId: MMSG-16999]
CreateOrder.c(203): web_get_int_property started  	[MsgId: MMSG-26355]
CreateOrder.c(203): web_get_int_property was successful  	[MsgId: MMSG-26392]
CreateOrder.c(205): web_custom_request("/api/ticket/") started  	[MsgId: MMSG-26355]
CreateOrder.c(205): Continuing after Error -26612: HTTP Status-Code=500 (Internal Server Error) for "http://learning2.pflb.ru:56902/api/ticket/"  	[MsgId: MERR-26612]
End auto log messages stack.	[MsgId: MMSG-10544]


